# JRE version: OpenJDK Runtime Environment (8.0_112-b06) (build 1.8.0_112-release-b06)
# Java VM: OpenJDK 64-Bit Server VM (25.112-b06 mixed mode linux-amd64 compressed oops)
Heap:
 PSYoungGen      total 349696K, used 175104K [0x00000000e0000000, 0x0000000100000000, 0x0000000100000000)
  eden space 175104K, 100% used [0x00000000e0000000,0x00000000eab00000,0x00000000eab00000)
  from space 174592K, 0% used [0x00000000eab00000,0x00000000eab00000,0x00000000f5580000)
  to   space 174592K, 0% used [0x00000000f5580000,0x00000000f5580000,0x0000000100000000)
 ParOldGen       total 1048576K, used 979187K [0x00000000a0000000, 0x00000000e0000000, 0x00000000e0000000)
  object space 1048576K, 93% used [0x00000000a0000000,0x00000000dbc3ce40,0x00000000e0000000)
 Metaspace       used 60760K, capacity 62652K, committed 64280K, reserved 1105920K
  class space    used 7833K, capacity 8192K, committed 8496K, reserved 1048576K
GC Heap History (10 events):
Event: 46.058 GC heap after
Heap after GC invocations=50 (full 8):
 PSYoungGen      total 349696K, used 53768K [0x00000000e0000000, 0x0000000100000000, 0x0000000100000000)
  eden space 175104K, 0% used [0x00000000e0000000,0x00000000e0000000,0x00000000eab00000)
  from space 174592K, 30% used [0x00000000f5580000,0x00000000f8a02130,0x0000000100000000)
  to   space 174592K, 0% used [0x00000000eab00000,0x00000000eab00000,0x00000000f5580000)
 ParOldGen       total 1048576K, used 867335K [0x00000000a0000000, 0x00000000e0000000, 0x00000000e0000000)
  object space 1048576K, 82% used [0x00000000a0000000,0x00000000d4f01f68,0x00000000e0000000)
 Metaspace       used 60735K, capacity 62588K, committed 64280K, reserved 1105920K
  class space    used 7832K, capacity 8192K, committed 8496K, reserved 1048576K
}
Event: 46.598 GC heap before
{Heap before GC invocations=51 (full 8):
 PSYoungGen      total 349696K, used 228872K [0x00000000e0000000, 0x0000000100000000, 0x0000000100000000)
  eden space 175104K, 100% used [0x00000000e0000000,0x00000000eab00000,0x00000000eab00000)
  from space 174592K, 30% used [0x00000000f5580000,0x00000000f8a02130,0x0000000100000000)
  to   space 174592K, 0% used [0x00000000eab00000,0x00000000eab00000,0x00000000f5580000)
 ParOldGen       total 1048576K, used 867335K [0x00000000a0000000, 0x00000000e0000000, 0x00000000e0000000)
  object space 1048576K, 82% used [0x00000000a0000000,0x00000000d4f01f68,0x00000000e0000000)
 Metaspace       used 60735K, capacity 62588K, committed 64280K, reserved 1105920K
  class space    used 7832K, capacity 8192K, committed 8496K, reserved 1048576K
Event: 46.715 GC heap after
Heap after GC invocations=51 (full 8):
 PSYoungGen      total 349696K, used 25297K [0x00000000e0000000, 0x0000000100000000, 0x0000000100000000)
  eden space 175104K, 0% used [0x00000000e0000000,0x00000000e0000000,0x00000000eab00000)
  from space 174592K, 14% used [0x00000000eab00000,0x00000000ec3b4650,0x00000000f5580000)
  to   space 174592K, 0% used [0x00000000f5580000,0x00000000f5580000,0x0000000100000000)
 ParOldGen       total 1048576K, used 919557K [0x00000000a0000000, 0x00000000e0000000, 0x00000000e0000000)
  object space 1048576K, 87% used [0x00000000a0000000,0x00000000d8201460,0x00000000e0000000)
 Metaspace       used 60735K, capacity 62588K, committed 64280K, reserved 1105920K
  class space    used 7832K, capacity 8192K, committed 8496K, reserved 1048576K
}
Event: 47.274 GC heap before
{Heap before GC invocations=52 (full 8):
 PSYoungGen      total 349696K, used 200401K [0x00000000e0000000, 0x0000000100000000, 0x0000000100000000)
  eden space 175104K, 100% used [0x00000000e0000000,0x00000000eab00000,0x00000000eab00000)
  from space 174592K, 14% used [0x00000000eab00000,0x00000000ec3b4650,0x00000000f5580000)
  to   space 174592K, 0% used [0x00000000f5580000,0x00000000f5580000,0x0000000100000000)
 ParOldGen       total 1048576K, used 919557K [0x00000000a0000000, 0x00000000e0000000, 0x00000000e0000000)
  object space 1048576K, 87% used [0x00000000a0000000,0x00000000d8201460,0x00000000e0000000)
 Metaspace       used 60735K, capacity 62588K, committed 64280K, reserved 1105920K
  class space    used 7832K, capacity 8192K, committed 8496K, reserved 1048576K
Event: 47.360 GC heap after
Heap after GC invocations=52 (full 8):
 PSYoungGen      total 349696K, used 25424K [0x00000000e0000000, 0x0000000100000000, 0x0000000100000000)
  eden space 175104K, 0% used [0x00000000e0000000,0x00000000e0000000,0x00000000eab00000)
  from space 174592K, 14% used [0x00000000f5580000,0x00000000f6e541a0,0x0000000100000000)
  to   space 174592K, 0% used [0x00000000eab00000,0x00000000eab00000,0x00000000f5580000)
 ParOldGen       total 1048576K, used 943904K [0x00000000a0000000, 0x00000000e0000000, 0x00000000e0000000)
  object space 1048576K, 90% used [0x00000000a0000000,0x00000000d99c83b0,0x00000000e0000000)
 Metaspace       used 60735K, capacity 62588K, committed 64280K, reserved 1105920K
  class space    used 7832K, capacity 8192K, committed 8496K, reserved 1048576K
}
Event: 47.766 GC heap before
{Heap before GC invocations=53 (full 8):
 PSYoungGen      total 349696K, used 200528K [0x00000000e0000000, 0x0000000100000000, 0x0000000100000000)
  eden space 175104K, 100% used [0x00000000e0000000,0x00000000eab00000,0x00000000eab00000)
  from space 174592K, 14% used [0x00000000f5580000,0x00000000f6e541a0,0x0000000100000000)
  to   space 174592K, 0% used [0x00000000eab00000,0x00000000eab00000,0x00000000f5580000)
 ParOldGen       total 1048576K, used 943904K [0x00000000a0000000, 0x00000000e0000000, 0x00000000e0000000)
  object space 1048576K, 90% used [0x00000000a0000000,0x00000000d99c83b0,0x00000000e0000000)
 Metaspace       used 60755K, capacity 62652K, committed 64280K, reserved 1105920K
  class space    used 7833K, capacity 8192K, committed 8496K, reserved 1048576K
Event: 47.844 GC heap after
Heap after GC invocations=53 (full 8):
 PSYoungGen      total 349696K, used 29018K [0x00000000e0000000, 0x0000000100000000, 0x0000000100000000)
  eden space 175104K, 0% used [0x00000000e0000000,0x00000000e0000000,0x00000000eab00000)
  from space 174592K, 16% used [0x00000000eab00000,0x00000000ec7568c8,0x00000000f5580000)
  to   space 174592K, 0% used [0x00000000f5580000,0x00000000f5580000,0x0000000100000000)
 ParOldGen       total 1048576K, used 967507K [0x00000000a0000000, 0x00000000e0000000, 0x00000000e0000000)
  object space 1048576K, 92% used [0x00000000a0000000,0x00000000db0d4d20,0x00000000e0000000)
 Metaspace       used 60755K, capacity 62652K, committed 64280K, reserved 1105920K
  class space    used 7833K, capacity 8192K, committed 8496K, reserved 1048576K
}
Event: 47.844 GC heap before
{Heap before GC invocations=54 (full 9):
 PSYoungGen      total 349696K, used 29018K [0x00000000e0000000, 0x0000000100000000, 0x0000000100000000)
  eden space 175104K, 0% used [0x00000000e0000000,0x00000000e0000000,0x00000000eab00000)
  from space 174592K, 16% used [0x00000000eab00000,0x00000000ec7568c8,0x00000000f5580000)
  to   space 174592K, 0% used [0x00000000f5580000,0x00000000f5580000,0x0000000100000000)
 ParOldGen       total 1048576K, used 967507K [0x00000000a0000000, 0x00000000e0000000, 0x00000000e0000000)
  object space 1048576K, 92% used [0x00000000a0000000,0x00000000db0d4d20,0x00000000e0000000)
 Metaspace       used 60755K, capacity 62652K, committed 64280K, reserved 1105920K
  class space    used 7833K, capacity 8192K, committed 8496K, reserved 1048576K
Event: 52.904 GC heap after
Heap after GC invocations=54 (full 9):
 PSYoungGen      total 349696K, used 0K [0x00000000e0000000, 0x0000000100000000, 0x0000000100000000)
  eden space 175104K, 0% used [0x00000000e0000000,0x00000000e0000000,0x00000000eab00000)
  from space 174592K, 0% used [0x00000000eab00000,0x00000000eab00000,0x00000000f5580000)
  to   space 174592K, 0% used [0x00000000f5580000,0x00000000f5580000,0x0000000100000000)
 ParOldGen       total 1048576K, used 979187K [0x00000000a0000000, 0x00000000e0000000, 0x00000000e0000000)
  object space 1048576K, 93% used [0x00000000a0000000,0x00000000dbc3ce40,0x00000000e0000000)
 Metaspace       used 60755K, capacity 62652K, committed 64280K, reserved 1105920K
  class space    used 7833K, capacity 8192K, committed 8496K, reserved 1048576K
}
Event: 53.274 GC heap before
{Heap before GC invocations=55 (full 10):
 PSYoungGen      total 349696K, used 175104K [0x00000000e0000000, 0x0000000100000000, 0x0000000100000000)
  eden space 175104K, 100% used [0x00000000e0000000,0x00000000eab00000,0x00000000eab00000)
  from space 174592K, 0% used [0x00000000eab00000,0x00000000eab00000,0x00000000f5580000)
  to   space 174592K, 0% used [0x00000000f5580000,0x00000000f5580000,0x0000000100000000)
 ParOldGen       total 1048576K, used 979187K [0x00000000a0000000, 0x00000000e0000000, 0x00000000e0000000)
  object space 1048576K, 93% used [0x00000000a0000000,0x00000000dbc3ce40,0x00000000e0000000)
 Metaspace       used 60760K, capacity 62652K, committed 64280K, reserved 1105920K
  class space    used 7833K, capacity 8192K, committed 8496K, reserved 1048576K

