# JRE version: OpenJDK Runtime Environment (8.0_112-b06) (build 1.8.0_112-release-b06)
# Java VM: OpenJDK 64-Bit Server VM (25.112-b06 mixed mode linux-amd64 compressed oops)
Heap:
 PSYoungGen      total 330240K, used 217088K [0x00000000e0000000, 0x0000000100000000, 0x0000000100000000)
  eden space 217088K, 100% used [0x00000000e0000000,0x00000000ed400000,0x00000000ed400000)
  from space 113152K, 0% used [0x00000000ed400000,0x00000000ed400000,0x00000000f4280000)
  to   space 159744K, 0% used [0x00000000f6400000,0x00000000f6400000,0x0000000100000000)
 ParOldGen       total 1048576K, used 1025592K [0x00000000a0000000, 0x00000000e0000000, 0x00000000e0000000)
  object space 1048576K, 97% used [0x00000000a0000000,0x00000000de98e0d8,0x00000000e0000000)
 Metaspace       used 67114K, capacity 69164K, committed 69272K, reserved 1110016K
  class space    used 8637K, capacity 9108K, committed 9136K, reserved 1048576K
GC Heap History (10 events):
Event: 77.380 GC heap after
Heap after GC invocations=52 (full 8):
 PSYoungGen      total 358912K, used 62004K [0x00000000e0000000, 0x00000000ff280000, 0x0000000100000000)
  eden space 221696K, 0% used [0x00000000e0000000,0x00000000e0000000,0x00000000ed880000)
  from space 137216K, 45% used [0x00000000f6c80000,0x00000000fa90d320,0x00000000ff280000)
  to   space 144384K, 0% used [0x00000000ed880000,0x00000000ed880000,0x00000000f6580000)
 ParOldGen       total 1048576K, used 916882K [0x00000000a0000000, 0x00000000e0000000, 0x00000000e0000000)
  object space 1048576K, 87% used [0x00000000a0000000,0x00000000d7f64ad0,0x00000000e0000000)
 Metaspace       used 66894K, capacity 68940K, committed 69272K, reserved 1110016K
  class space    used 8626K, capacity 9076K, committed 9136K, reserved 1048576K
}
Event: 77.912 GC heap before
{Heap before GC invocations=53 (full 8):
 PSYoungGen      total 358912K, used 283700K [0x00000000e0000000, 0x00000000ff280000, 0x0000000100000000)
  eden space 221696K, 100% used [0x00000000e0000000,0x00000000ed880000,0x00000000ed880000)
  from space 137216K, 45% used [0x00000000f6c80000,0x00000000fa90d320,0x00000000ff280000)
  to   space 144384K, 0% used [0x00000000ed880000,0x00000000ed880000,0x00000000f6580000)
 ParOldGen       total 1048576K, used 916882K [0x00000000a0000000, 0x00000000e0000000, 0x00000000e0000000)
  object space 1048576K, 87% used [0x00000000a0000000,0x00000000d7f64ad0,0x00000000e0000000)
 Metaspace       used 66910K, capacity 68940K, committed 69272K, reserved 1110016K
  class space    used 8627K, capacity 9076K, committed 9136K, reserved 1048576K
Event: 78.059 GC heap after
Heap after GC invocations=53 (full 8):
 PSYoungGen      total 366080K, used 103051K [0x00000000e0000000, 0x0000000100000000, 0x0000000100000000)
  eden space 221696K, 0% used [0x00000000e0000000,0x00000000e0000000,0x00000000ed880000)
  from space 144384K, 71% used [0x00000000ed880000,0x00000000f3d22f38,0x00000000f6580000)
  to   space 149504K, 0% used [0x00000000f6e00000,0x00000000f6e00000,0x0000000100000000)
 ParOldGen       total 1048576K, used 916882K [0x00000000a0000000, 0x00000000e0000000, 0x00000000e0000000)
  object space 1048576K, 87% used [0x00000000a0000000,0x00000000d7f64ad0,0x00000000e0000000)
 Metaspace       used 66910K, capacity 68940K, committed 69272K, reserved 1110016K
  class space    used 8627K, capacity 9076K, committed 9136K, reserved 1048576K
}
Event: 78.480 GC heap before
{Heap before GC invocations=54 (full 8):
 PSYoungGen      total 366080K, used 324747K [0x00000000e0000000, 0x0000000100000000, 0x0000000100000000)
  eden space 221696K, 100% used [0x00000000e0000000,0x00000000ed880000,0x00000000ed880000)
  from space 144384K, 71% used [0x00000000ed880000,0x00000000f3d22f38,0x00000000f6580000)
  to   space 149504K, 0% used [0x00000000f6e00000,0x00000000f6e00000,0x0000000100000000)
 ParOldGen       total 1048576K, used 916882K [0x00000000a0000000, 0x00000000e0000000, 0x00000000e0000000)
  object space 1048576K, 87% used [0x00000000a0000000,0x00000000d7f64ad0,0x00000000e0000000)
 Metaspace       used 67090K, capacity 69164K, committed 69272K, reserved 1110016K
  class space    used 8637K, capacity 9108K, committed 9136K, reserved 1048576K
Event: 78.620 GC heap after
Heap after GC invocations=54 (full 8):
 PSYoungGen      total 366592K, used 104906K [0x00000000e0000000, 0x0000000100000000, 0x0000000100000000)
  eden space 217088K, 0% used [0x00000000e0000000,0x00000000e0000000,0x00000000ed400000)
  from space 149504K, 70% used [0x00000000f6e00000,0x00000000fd472a90,0x0000000100000000)
  to   space 153600K, 0% used [0x00000000ed400000,0x00000000ed400000,0x00000000f6a00000)
 ParOldGen       total 1048576K, used 947343K [0x00000000a0000000, 0x00000000e0000000, 0x00000000e0000000)
  object space 1048576K, 90% used [0x00000000a0000000,0x00000000d9d23f50,0x00000000e0000000)
 Metaspace       used 67090K, capacity 69164K, committed 69272K, reserved 1110016K
  class space    used 8637K, capacity 9108K, committed 9136K, reserved 1048576K
}
Event: 79.222 GC heap before
{Heap before GC invocations=55 (full 8):
 PSYoungGen      total 366592K, used 321994K [0x00000000e0000000, 0x0000000100000000, 0x0000000100000000)
  eden space 217088K, 100% used [0x00000000e0000000,0x00000000ed400000,0x00000000ed400000)
  from space 149504K, 70% used [0x00000000f6e00000,0x00000000fd472a90,0x0000000100000000)
  to   space 153600K, 0% used [0x00000000ed400000,0x00000000ed400000,0x00000000f6a00000)
 ParOldGen       total 1048576K, used 947343K [0x00000000a0000000, 0x00000000e0000000, 0x00000000e0000000)
  object space 1048576K, 90% used [0x00000000a0000000,0x00000000d9d23f50,0x00000000e0000000)
 Metaspace       used 67110K, capacity 69164K, committed 69272K, reserved 1110016K
  class space    used 8637K, capacity 9108K, committed 9136K, reserved 1048576K
Event: 79.374 GC heap after
Heap after GC invocations=55 (full 8):
 PSYoungGen      total 330240K, used 112984K [0x00000000e0000000, 0x0000000100000000, 0x0000000100000000)
  eden space 217088K, 0% used [0x00000000e0000000,0x00000000e0000000,0x00000000ed400000)
  from space 113152K, 99% used [0x00000000ed400000,0x00000000f4256390,0x00000000f4280000)
  to   space 159744K, 0% used [0x00000000f6400000,0x00000000f6400000,0x0000000100000000)
 ParOldGen       total 1048576K, used 978030K [0x00000000a0000000, 0x00000000e0000000, 0x00000000e0000000)
  object space 1048576K, 93% used [0x00000000a0000000,0x00000000dbb1bb30,0x00000000e0000000)
 Metaspace       used 67110K, capacity 69164K, committed 69272K, reserved 1110016K
  class space    used 8637K, capacity 9108K, committed 9136K, reserved 1048576K
}
Event: 79.374 GC heap before
{Heap before GC invocations=56 (full 9):
 PSYoungGen      total 330240K, used 112984K [0x00000000e0000000, 0x0000000100000000, 0x0000000100000000)
  eden space 217088K, 0% used [0x00000000e0000000,0x00000000e0000000,0x00000000ed400000)
  from space 113152K, 99% used [0x00000000ed400000,0x00000000f4256390,0x00000000f4280000)
  to   space 159744K, 0% used [0x00000000f6400000,0x00000000f6400000,0x0000000100000000)
 ParOldGen       total 1048576K, used 978030K [0x00000000a0000000, 0x00000000e0000000, 0x00000000e0000000)
  object space 1048576K, 93% used [0x00000000a0000000,0x00000000dbb1bb30,0x00000000e0000000)
 Metaspace       used 67110K, capacity 69164K, committed 69272K, reserved 1110016K
  class space    used 8637K, capacity 9108K, committed 9136K, reserved 1048576K
Event: 83.349 GC heap after
Heap after GC invocations=56 (full 9):
 PSYoungGen      total 330240K, used 0K [0x00000000e0000000, 0x0000000100000000, 0x0000000100000000)
  eden space 217088K, 0% used [0x00000000e0000000,0x00000000e0000000,0x00000000ed400000)
  from space 113152K, 0% used [0x00000000ed400000,0x00000000ed400000,0x00000000f4280000)
  to   space 159744K, 0% used [0x00000000f6400000,0x00000000f6400000,0x0000000100000000)
 ParOldGen       total 1048576K, used 1025592K [0x00000000a0000000, 0x00000000e0000000, 0x00000000e0000000)
  object space 1048576K, 97% used [0x00000000a0000000,0x00000000de98e0d8,0x00000000e0000000)
 Metaspace       used 67110K, capacity 69164K, committed 69272K, reserved 1110016K
  class space    used 8637K, capacity 9108K, committed 9136K, reserved 1048576K
}
Event: 83.927 GC heap before
{Heap before GC invocations=57 (full 10):
 PSYoungGen      total 330240K, used 217088K [0x00000000e0000000, 0x0000000100000000, 0x0000000100000000)
  eden space 217088K, 100% used [0x00000000e0000000,0x00000000ed400000,0x00000000ed400000)
  from space 113152K, 0% used [0x00000000ed400000,0x00000000ed400000,0x00000000f4280000)
  to   space 159744K, 0% used [0x00000000f6400000,0x00000000f6400000,0x0000000100000000)
 ParOldGen       total 1048576K, used 1025592K [0x00000000a0000000, 0x00000000e0000000, 0x00000000e0000000)
  object space 1048576K, 97% used [0x00000000a0000000,0x00000000de98e0d8,0x00000000e0000000)
 Metaspace       used 67114K, capacity 69164K, committed 69272K, reserved 1110016K
  class space    used 8637K, capacity 9108K, committed 9136K, reserved 1048576K

