# JRE version: OpenJDK Runtime Environment (8.0_112-b06) (build 1.8.0_112-release-b06)
# Java VM: OpenJDK 64-Bit Server VM (25.112-b06 mixed mode linux-amd64 compressed oops)
Heap:
 PSYoungGen      total 231424K, used 175104K [0x00000000e0000000, 0x00000000ff480000, 0x0000000100000000)
  eden space 175104K, 100% used [0x00000000e0000000,0x00000000eab00000,0x00000000eab00000)
  from space 56320K, 0% used [0x00000000eab00000,0x00000000eab00000,0x00000000ee200000)
  to   space 166400K, 0% used [0x00000000f5200000,0x00000000f5200000,0x00000000ff480000)
 ParOldGen       total 1048576K, used 1029868K [0x00000000a0000000, 0x00000000e0000000, 0x00000000e0000000)
  object space 1048576K, 98% used [0x00000000a0000000,0x00000000dedbb070,0x00000000e0000000)
 Metaspace       used 67090K, capacity 69160K, committed 69272K, reserved 1110016K
  class space    used 8636K, capacity 9108K, committed 9136K, reserved 1048576K
GC Heap History (10 events):
Event: 59.906 GC heap after
Heap after GC invocations=56 (full 8):
 PSYoungGen      total 340480K, used 129715K [0x00000000e0000000, 0x0000000100000000, 0x0000000100000000)
  eden space 175104K, 0% used [0x00000000e0000000,0x00000000e0000000,0x00000000eab00000)
  from space 165376K, 78% used [0x00000000f5e80000,0x00000000fdd2ce88,0x0000000100000000)
  to   space 174592K, 0% used [0x00000000eab00000,0x00000000eab00000,0x00000000f5580000)
 ParOldGen       total 1048576K, used 836667K [0x00000000a0000000, 0x00000000e0000000, 0x00000000e0000000)
  object space 1048576K, 79% used [0x00000000a0000000,0x00000000d310ec60,0x00000000e0000000)
 Metaspace       used 66934K, capacity 69000K, committed 69272K, reserved 1110016K
  class space    used 8627K, capacity 9076K, committed 9136K, reserved 1048576K
}
Event: 60.263 GC heap before
{Heap before GC invocations=57 (full 8):
 PSYoungGen      total 340480K, used 304819K [0x00000000e0000000, 0x0000000100000000, 0x0000000100000000)
  eden space 175104K, 100% used [0x00000000e0000000,0x00000000eab00000,0x00000000eab00000)
  from space 165376K, 78% used [0x00000000f5e80000,0x00000000fdd2ce88,0x0000000100000000)
  to   space 174592K, 0% used [0x00000000eab00000,0x00000000eab00000,0x00000000f5580000)
 ParOldGen       total 1048576K, used 836667K [0x00000000a0000000, 0x00000000e0000000, 0x00000000e0000000)
  object space 1048576K, 79% used [0x00000000a0000000,0x00000000d310ec60,0x00000000e0000000)
 Metaspace       used 66934K, capacity 69000K, committed 69272K, reserved 1110016K
  class space    used 8627K, capacity 9076K, committed 9136K, reserved 1048576K
Event: 60.496 GC heap after
Heap after GC invocations=57 (full 8):
 PSYoungGen      total 349696K, used 104200K [0x00000000e0000000, 0x0000000100000000, 0x0000000100000000)
  eden space 175104K, 0% used [0x00000000e0000000,0x00000000e0000000,0x00000000eab00000)
  from space 174592K, 59% used [0x00000000eab00000,0x00000000f10c2128,0x00000000f5580000)
  to   space 174592K, 0% used [0x00000000f5580000,0x00000000f5580000,0x0000000100000000)
 ParOldGen       total 1048576K, used 887905K [0x00000000a0000000, 0x00000000e0000000, 0x00000000e0000000)
  object space 1048576K, 84% used [0x00000000a0000000,0x00000000d6318628,0x00000000e0000000)
 Metaspace       used 66934K, capacity 69000K, committed 69272K, reserved 1110016K
  class space    used 8627K, capacity 9076K, committed 9136K, reserved 1048576K
}
Event: 60.836 GC heap before
{Heap before GC invocations=58 (full 8):
 PSYoungGen      total 349696K, used 279304K [0x00000000e0000000, 0x0000000100000000, 0x0000000100000000)
  eden space 175104K, 100% used [0x00000000e0000000,0x00000000eab00000,0x00000000eab00000)
  from space 174592K, 59% used [0x00000000eab00000,0x00000000f10c2128,0x00000000f5580000)
  to   space 174592K, 0% used [0x00000000f5580000,0x00000000f5580000,0x0000000100000000)
 ParOldGen       total 1048576K, used 887905K [0x00000000a0000000, 0x00000000e0000000, 0x00000000e0000000)
  object space 1048576K, 84% used [0x00000000a0000000,0x00000000d6318628,0x00000000e0000000)
 Metaspace       used 66935K, capacity 69000K, committed 69272K, reserved 1110016K
  class space    used 8627K, capacity 9076K, committed 9136K, reserved 1048576K
Event: 61.005 GC heap after
Heap after GC invocations=58 (full 8):
 PSYoungGen      total 346624K, used 81396K [0x00000000e0000000, 0x00000000ffd00000, 0x0000000100000000)
  eden space 175104K, 0% used [0x00000000e0000000,0x00000000e0000000,0x00000000eab00000)
  from space 171520K, 47% used [0x00000000f5580000,0x00000000fa4fd248,0x00000000ffd00000)
  to   space 173056K, 0% used [0x00000000eab00000,0x00000000eab00000,0x00000000f5400000)
 ParOldGen       total 1048576K, used 939134K [0x00000000a0000000, 0x00000000e0000000, 0x00000000e0000000)
  object space 1048576K, 89% used [0x00000000a0000000,0x00000000d951fae8,0x00000000e0000000)
 Metaspace       used 66935K, capacity 69000K, committed 69272K, reserved 1110016K
  class space    used 8627K, capacity 9076K, committed 9136K, reserved 1048576K
}
Event: 61.385 GC heap before
{Heap before GC invocations=59 (full 8):
 PSYoungGen      total 346624K, used 256500K [0x00000000e0000000, 0x00000000ffd00000, 0x0000000100000000)
  eden space 175104K, 100% used [0x00000000e0000000,0x00000000eab00000,0x00000000eab00000)
  from space 171520K, 47% used [0x00000000f5580000,0x00000000fa4fd248,0x00000000ffd00000)
  to   space 173056K, 0% used [0x00000000eab00000,0x00000000eab00000,0x00000000f5400000)
 ParOldGen       total 1048576K, used 939134K [0x00000000a0000000, 0x00000000e0000000, 0x00000000e0000000)
  object space 1048576K, 89% used [0x00000000a0000000,0x00000000d951fae8,0x00000000e0000000)
 Metaspace       used 66939K, capacity 69000K, committed 69272K, reserved 1110016K
  class space    used 8627K, capacity 9076K, committed 9136K, reserved 1048576K
Event: 61.499 GC heap after
Heap after GC invocations=59 (full 8):
 PSYoungGen      total 231424K, used 56151K [0x00000000e0000000, 0x00000000ff480000, 0x0000000100000000)
  eden space 175104K, 0% used [0x00000000e0000000,0x00000000e0000000,0x00000000eab00000)
  from space 56320K, 99% used [0x00000000eab00000,0x00000000ee1d5dc8,0x00000000ee200000)
  to   space 166400K, 0% used [0x00000000f5200000,0x00000000f5200000,0x00000000ff480000)
 ParOldGen       total 1048576K, used 991064K [0x00000000a0000000, 0x00000000e0000000, 0x00000000e0000000)
  object space 1048576K, 94% used [0x00000000a0000000,0x00000000dc7d6138,0x00000000e0000000)
 Metaspace       used 66939K, capacity 69000K, committed 69272K, reserved 1110016K
  class space    used 8627K, capacity 9076K, committed 9136K, reserved 1048576K
}
Event: 61.499 GC heap before
{Heap before GC invocations=60 (full 9):
 PSYoungGen      total 231424K, used 56151K [0x00000000e0000000, 0x00000000ff480000, 0x0000000100000000)
  eden space 175104K, 0% used [0x00000000e0000000,0x00000000e0000000,0x00000000eab00000)
  from space 56320K, 99% used [0x00000000eab00000,0x00000000ee1d5dc8,0x00000000ee200000)
  to   space 166400K, 0% used [0x00000000f5200000,0x00000000f5200000,0x00000000ff480000)
 ParOldGen       total 1048576K, used 991064K [0x00000000a0000000, 0x00000000e0000000, 0x00000000e0000000)
  object space 1048576K, 94% used [0x00000000a0000000,0x00000000dc7d6138,0x00000000e0000000)
 Metaspace       used 66939K, capacity 69000K, committed 69272K, reserved 1110016K
  class space    used 8627K, capacity 9076K, committed 9136K, reserved 1048576K
Event: 67.221 GC heap after
Heap after GC invocations=60 (full 9):
 PSYoungGen      total 231424K, used 0K [0x00000000e0000000, 0x00000000ff480000, 0x0000000100000000)
  eden space 175104K, 0% used [0x00000000e0000000,0x00000000e0000000,0x00000000eab00000)
  from space 56320K, 0% used [0x00000000eab00000,0x00000000eab00000,0x00000000ee200000)
  to   space 166400K, 0% used [0x00000000f5200000,0x00000000f5200000,0x00000000ff480000)
 ParOldGen       total 1048576K, used 1029868K [0x00000000a0000000, 0x00000000e0000000, 0x00000000e0000000)
  object space 1048576K, 98% used [0x00000000a0000000,0x00000000dedbb070,0x00000000e0000000)
 Metaspace       used 66939K, capacity 69000K, committed 69272K, reserved 1110016K
  class space    used 8627K, capacity 9076K, committed 9136K, reserved 1048576K
}
Event: 67.781 GC heap before
{Heap before GC invocations=61 (full 10):
 PSYoungGen      total 231424K, used 175104K [0x00000000e0000000, 0x00000000ff480000, 0x0000000100000000)
  eden space 175104K, 100% used [0x00000000e0000000,0x00000000eab00000,0x00000000eab00000)
  from space 56320K, 0% used [0x00000000eab00000,0x00000000eab00000,0x00000000ee200000)
  to   space 166400K, 0% used [0x00000000f5200000,0x00000000f5200000,0x00000000ff480000)
 ParOldGen       total 1048576K, used 1029868K [0x00000000a0000000, 0x00000000e0000000, 0x00000000e0000000)
  object space 1048576K, 98% used [0x00000000a0000000,0x00000000dedbb070,0x00000000e0000000)
 Metaspace       used 67090K, capacity 69160K, committed 69272K, reserved 1110016K
  class space    used 8636K, capacity 9108K, committed 9136K, reserved 1048576K

