# JRE version: OpenJDK Runtime Environment (8.0_112-b06) (build 1.8.0_112-release-b06)
# Java VM: OpenJDK 64-Bit Server VM (25.112-b06 mixed mode linux-amd64 compressed oops)
Heap:
 PSYoungGen      total 320000K, used 319991K [0x00000000e0000000, 0x0000000100000000, 0x0000000100000000)
  eden space 175104K, 100% used [0x00000000e0000000,0x00000000eab00000,0x00000000eab00000)
  from space 144896K, 99% used [0x00000000f6080000,0x00000000fedfddb8,0x00000000fee00000)
  to   space 174592K, 33% used [0x00000000eab00000,0x00000000ee363cd8,0x00000000f5580000)
 ParOldGen       total 1048576K, used 762307K [0x00000000a0000000, 0x00000000e0000000, 0x00000000e0000000)
  object space 1048576K, 72% used [0x00000000a0000000,0x00000000ce870d38,0x00000000e0000000)
 Metaspace       used 80041K, capacity 84538K, committed 84864K, reserved 1122304K
  class space    used 10167K, capacity 11039K, committed 11136K, reserved 1048576K
GC Heap History (10 events):
Event: 5580.250 GC heap after
Heap after GC invocations=66 (full 12):
 PSYoungGen      total 359936K, used 24384K [0x00000000e0000000, 0x00000000ff880000, 0x0000000100000000)
  eden space 208384K, 0% used [0x00000000e0000000,0x00000000e0000000,0x00000000ecb80000)
  from space 151552K, 16% used [0x00000000f6480000,0x00000000f7c50068,0x00000000ff880000)
  to   space 154112K, 0% used [0x00000000ecb80000,0x00000000ecb80000,0x00000000f6200000)
 ParOldGen       total 1048576K, used 690113K [0x00000000a0000000, 0x00000000e0000000, 0x00000000e0000000)
  object space 1048576K, 65% used [0x00000000a0000000,0x00000000ca1f0628,0x00000000e0000000)
 Metaspace       used 77217K, capacity 81656K, committed 81920K, reserved 1120256K
  class space    used 9871K, capacity 10712K, committed 10752K, reserved 1048576K
}
Event: 5583.146 GC heap before
{Heap before GC invocations=67 (full 12):
 PSYoungGen      total 359936K, used 232768K [0x00000000e0000000, 0x00000000ff880000, 0x0000000100000000)
  eden space 208384K, 100% used [0x00000000e0000000,0x00000000ecb80000,0x00000000ecb80000)
  from space 151552K, 16% used [0x00000000f6480000,0x00000000f7c50068,0x00000000ff880000)
  to   space 154112K, 0% used [0x00000000ecb80000,0x00000000ecb80000,0x00000000f6200000)
 ParOldGen       total 1048576K, used 690113K [0x00000000a0000000, 0x00000000e0000000, 0x00000000e0000000)
  object space 1048576K, 65% used [0x00000000a0000000,0x00000000ca1f0628,0x00000000e0000000)
 Metaspace       used 77475K, capacity 81900K, committed 82176K, reserved 1120256K
  class space    used 9887K, capacity 10728K, committed 10752K, reserved 1048576K
Event: 5583.217 GC heap after
Heap after GC invocations=67 (full 12):
 PSYoungGen      total 260096K, used 51652K [0x00000000e0000000, 0x00000000fef00000, 0x0000000100000000)
  eden space 208384K, 0% used [0x00000000e0000000,0x00000000e0000000,0x00000000ecb80000)
  from space 51712K, 99% used [0x00000000ecb80000,0x00000000efdf1198,0x00000000efe00000)
  to   space 146944K, 0% used [0x00000000f5f80000,0x00000000f5f80000,0x00000000fef00000)
 ParOldGen       total 1048576K, used 690121K [0x00000000a0000000, 0x00000000e0000000, 0x00000000e0000000)
  object space 1048576K, 65% used [0x00000000a0000000,0x00000000ca1f2628,0x00000000e0000000)
 Metaspace       used 77475K, capacity 81900K, committed 82176K, reserved 1120256K
  class space    used 9887K, capacity 10728K, committed 10752K, reserved 1048576K
}
Event: 5586.377 GC heap before
{Heap before GC invocations=68 (full 12):
 PSYoungGen      total 260096K, used 260036K [0x00000000e0000000, 0x00000000fef00000, 0x0000000100000000)
  eden space 208384K, 100% used [0x00000000e0000000,0x00000000ecb80000,0x00000000ecb80000)
  from space 51712K, 99% used [0x00000000ecb80000,0x00000000efdf1198,0x00000000efe00000)
  to   space 146944K, 0% used [0x00000000f5f80000,0x00000000f5f80000,0x00000000fef00000)
 ParOldGen       total 1048576K, used 690121K [0x00000000a0000000, 0x00000000e0000000, 0x00000000e0000000)
  object space 1048576K, 65% used [0x00000000a0000000,0x00000000ca1f2628,0x00000000e0000000)
 Metaspace       used 77751K, capacity 82172K, committed 82304K, reserved 1120256K
  class space    used 9912K, capacity 10774K, committed 10880K, reserved 1048576K
Event: 5586.446 GC heap after
Heap after GC invocations=68 (full 12):
 PSYoungGen      total 342528K, used 59396K [0x00000000e0000000, 0x00000000fde80000, 0x0000000100000000)
  eden space 212480K, 0% used [0x00000000e0000000,0x00000000e0000000,0x00000000ecf80000)
  from space 130048K, 45% used [0x00000000f5f80000,0x00000000f9981218,0x00000000fde80000)
  to   space 138752K, 0% used [0x00000000ecf80000,0x00000000ecf80000,0x00000000f5700000)
 ParOldGen       total 1048576K, used 690129K [0x00000000a0000000, 0x00000000e0000000, 0x00000000e0000000)
  object space 1048576K, 65% used [0x00000000a0000000,0x00000000ca1f4628,0x00000000e0000000)
 Metaspace       used 77751K, capacity 82172K, committed 82304K, reserved 1120256K
  class space    used 9912K, capacity 10774K, committed 10880K, reserved 1048576K
}
Event: 5592.121 GC heap before
{Heap before GC invocations=69 (full 12):
 PSYoungGen      total 342528K, used 271876K [0x00000000e0000000, 0x00000000fde80000, 0x0000000100000000)
  eden space 212480K, 100% used [0x00000000e0000000,0x00000000ecf80000,0x00000000ecf80000)
  from space 130048K, 45% used [0x00000000f5f80000,0x00000000f9981218,0x00000000fde80000)
  to   space 138752K, 0% used [0x00000000ecf80000,0x00000000ecf80000,0x00000000f5700000)
 ParOldGen       total 1048576K, used 690129K [0x00000000a0000000, 0x00000000e0000000, 0x00000000e0000000)
  object space 1048576K, 65% used [0x00000000a0000000,0x00000000ca1f4628,0x00000000e0000000)
 Metaspace       used 80020K, capacity 84538K, committed 84864K, reserved 1122304K
  class space    used 10164K, capacity 11039K, committed 11136K, reserved 1048576K
Event: 5592.216 GC heap after
Heap after GC invocations=69 (full 12):
 PSYoungGen      total 351232K, used 98670K [0x00000000e0000000, 0x00000000fee00000, 0x0000000100000000)
  eden space 212480K, 0% used [0x00000000e0000000,0x00000000e0000000,0x00000000ecf80000)
  from space 138752K, 71% used [0x00000000ecf80000,0x00000000f2fdba38,0x00000000f5700000)
  to   space 144896K, 0% used [0x00000000f6080000,0x00000000f6080000,0x00000000fee00000)
 ParOldGen       total 1048576K, used 690137K [0x00000000a0000000, 0x00000000e0000000, 0x00000000e0000000)
  object space 1048576K, 65% used [0x00000000a0000000,0x00000000ca1f6628,0x00000000e0000000)
 Metaspace       used 80020K, capacity 84538K, committed 84864K, reserved 1122304K
  class space    used 10164K, capacity 11039K, committed 11136K, reserved 1048576K
}
Event: 5592.639 GC heap before
{Heap before GC invocations=70 (full 12):
 PSYoungGen      total 351232K, used 311150K [0x00000000e0000000, 0x00000000fee00000, 0x0000000100000000)
  eden space 212480K, 100% used [0x00000000e0000000,0x00000000ecf80000,0x00000000ecf80000)
  from space 138752K, 71% used [0x00000000ecf80000,0x00000000f2fdba38,0x00000000f5700000)
  to   space 144896K, 0% used [0x00000000f6080000,0x00000000f6080000,0x00000000fee00000)
 ParOldGen       total 1048576K, used 690137K [0x00000000a0000000, 0x00000000e0000000, 0x00000000e0000000)
  object space 1048576K, 65% used [0x00000000a0000000,0x00000000ca1f6628,0x00000000e0000000)
 Metaspace       used 80039K, capacity 84538K, committed 84864K, reserved 1122304K
  class space    used 10167K, capacity 11039K, committed 11136K, reserved 1048576K
Event: 5592.779 GC heap after
Heap after GC invocations=70 (full 12):
 PSYoungGen      total 320000K, used 144887K [0x00000000e0000000, 0x0000000100000000, 0x0000000100000000)
  eden space 175104K, 0% used [0x00000000e0000000,0x00000000e0000000,0x00000000eab00000)
  from space 144896K, 99% used [0x00000000f6080000,0x00000000fedfddb8,0x00000000fee00000)
  to   space 174592K, 0% used [0x00000000eab00000,0x00000000eab00000,0x00000000f5580000)
 ParOldGen       total 1048576K, used 741222K [0x00000000a0000000, 0x00000000e0000000, 0x00000000e0000000)
  object space 1048576K, 70% used [0x00000000a0000000,0x00000000cd3d9ab0,0x00000000e0000000)
 Metaspace       used 80039K, capacity 84538K, committed 84864K, reserved 1122304K
  class space    used 10167K, capacity 11039K, committed 11136K, reserved 1048576K
}
Event: 5593.175 GC heap before
{Heap before GC invocations=71 (full 12):
 PSYoungGen      total 320000K, used 319991K [0x00000000e0000000, 0x0000000100000000, 0x0000000100000000)
  eden space 175104K, 100% used [0x00000000e0000000,0x00000000eab00000,0x00000000eab00000)
  from space 144896K, 99% used [0x00000000f6080000,0x00000000fedfddb8,0x00000000fee00000)
  to   space 174592K, 0% used [0x00000000eab00000,0x00000000eab00000,0x00000000f5580000)
 ParOldGen       total 1048576K, used 741222K [0x00000000a0000000, 0x00000000e0000000, 0x00000000e0000000)
  object space 1048576K, 70% used [0x00000000a0000000,0x00000000cd3d9ab0,0x00000000e0000000)
 Metaspace       used 80041K, capacity 84538K, committed 84864K, reserved 1122304K
  class space    used 10167K, capacity 11039K, committed 11136K, reserved 1048576K

