# JRE version: OpenJDK Runtime Environment (8.0_112-b06) (build 1.8.0_112-release-b06)
# Java VM: OpenJDK 64-Bit Server VM (25.112-b06 mixed mode linux-amd64 compressed oops)
Heap:
 PSYoungGen      total 349696K, used 2944K [0x00000000e0000000, 0x0000000100000000, 0x0000000100000000)
  eden space 175104K, 1% used [0x00000000e0000000,0x00000000e02e00f8,0x00000000eab00000)
  from space 174592K, 0% used [0x00000000f5580000,0x00000000f5580000,0x0000000100000000)
  to   space 174592K, 0% used [0x00000000eab00000,0x00000000eab00000,0x00000000f5580000)
 ParOldGen       total 862720K, used 193906K [0x00000000a0000000, 0x00000000d4a80000, 0x00000000e0000000)
  object space 862720K, 22% used [0x00000000a0000000,0x00000000abd5cb00,0x00000000d4a80000)
 Metaspace       used 72358K, capacity 74916K, committed 76440K, reserved 1116160K
  class space    used 9102K, capacity 9614K, committed 9904K, reserved 1048576K
GC Heap History (10 events):
Event: 456.291 GC heap before
{Heap before GC invocations=69 (full 12):
 PSYoungGen      total 342528K, used 285259K [0x00000000e0000000, 0x00000000ff280000, 0x0000000100000000)
  eden space 184832K, 100% used [0x00000000e0000000,0x00000000eb480000,0x00000000eb480000)
  from space 157696K, 63% used [0x00000000f5200000,0x00000000fb412d48,0x00000000fec00000)
  to   space 161280K, 0% used [0x00000000eb480000,0x00000000eb480000,0x00000000f5200000)
 ParOldGen       total 1048576K, used 772500K [0x00000000a0000000, 0x00000000e0000000, 0x00000000e0000000)
  object space 1048576K, 73% used [0x00000000a0000000,0x00000000cf265320,0x00000000e0000000)
 Metaspace       used 73670K, capacity 76272K, committed 76440K, reserved 1116160K
  class space    used 9278K, capacity 9814K, committed 9904K, reserved 1048576K
Event: 456.397 GC heap after
Heap after GC invocations=69 (full 12):
 PSYoungGen      total 346112K, used 151340K [0x00000000e0000000, 0x0000000100000000, 0x0000000100000000)
  eden space 184832K, 0% used [0x00000000e0000000,0x00000000e0000000,0x00000000eb480000)
  from space 161280K, 93% used [0x00000000eb480000,0x00000000f484b048,0x00000000f5200000)
  to   space 174592K, 0% used [0x00000000f5580000,0x00000000f5580000,0x0000000100000000)
 ParOldGen       total 1048576K, used 772508K [0x00000000a0000000, 0x00000000e0000000, 0x00000000e0000000)
  object space 1048576K, 73% used [0x00000000a0000000,0x00000000cf267320,0x00000000e0000000)
 Metaspace       used 73670K, capacity 76272K, committed 76440K, reserved 1116160K
  class space    used 9278K, capacity 9814K, committed 9904K, reserved 1048576K
}
Event: 456.872 GC heap before
{Heap before GC invocations=70 (full 12):
 PSYoungGen      total 346112K, used 336172K [0x00000000e0000000, 0x0000000100000000, 0x0000000100000000)
  eden space 184832K, 100% used [0x00000000e0000000,0x00000000eb480000,0x00000000eb480000)
  from space 161280K, 93% used [0x00000000eb480000,0x00000000f484b048,0x00000000f5200000)
  to   space 174592K, 0% used [0x00000000f5580000,0x00000000f5580000,0x0000000100000000)
 ParOldGen       total 1048576K, used 772508K [0x00000000a0000000, 0x00000000e0000000, 0x00000000e0000000)
  object space 1048576K, 73% used [0x00000000a0000000,0x00000000cf267320,0x00000000e0000000)
 Metaspace       used 73673K, capacity 76272K, committed 76440K, reserved 1116160K
  class space    used 9278K, capacity 9814K, committed 9904K, reserved 1048576K
Event: 457.025 GC heap after
Heap after GC invocations=70 (full 12):
 PSYoungGen      total 349696K, used 174563K [0x00000000e0000000, 0x0000000100000000, 0x0000000100000000)
  eden space 175104K, 0% used [0x00000000e0000000,0x00000000e0000000,0x00000000eab00000)
  from space 174592K, 99% used [0x00000000f5580000,0x00000000ffff8dc8,0x0000000100000000)
  to   space 174592K, 0% used [0x00000000eab00000,0x00000000eab00000,0x00000000f5580000)
 ParOldGen       total 1048576K, used 804089K [0x00000000a0000000, 0x00000000e0000000, 0x00000000e0000000)
  object space 1048576K, 76% used [0x00000000a0000000,0x00000000d113e6a8,0x00000000e0000000)
 Metaspace       used 73673K, capacity 76272K, committed 76440K, reserved 1116160K
  class space    used 9278K, capacity 9814K, committed 9904K, reserved 1048576K
}
Event: 457.248 GC heap before
{Heap before GC invocations=71 (full 12):
 PSYoungGen      total 349696K, used 349667K [0x00000000e0000000, 0x0000000100000000, 0x0000000100000000)
  eden space 175104K, 100% used [0x00000000e0000000,0x00000000eab00000,0x00000000eab00000)
  from space 174592K, 99% used [0x00000000f5580000,0x00000000ffff8dc8,0x0000000100000000)
  to   space 174592K, 0% used [0x00000000eab00000,0x00000000eab00000,0x00000000f5580000)
 ParOldGen       total 1048576K, used 804089K [0x00000000a0000000, 0x00000000e0000000, 0x00000000e0000000)
  object space 1048576K, 76% used [0x00000000a0000000,0x00000000d113e6a8,0x00000000e0000000)
 Metaspace       used 73673K, capacity 76272K, committed 76440K, reserved 1116160K
  class space    used 9278K, capacity 9814K, committed 9904K, reserved 1048576K
Event: 457.375 GC heap after
Heap after GC invocations=71 (full 12):
 PSYoungGen      total 349696K, used 112795K [0x00000000e0000000, 0x0000000100000000, 0x0000000100000000)
  eden space 175104K, 0% used [0x00000000e0000000,0x00000000e0000000,0x00000000eab00000)
  from space 174592K, 64% used [0x00000000eab00000,0x00000000f1926fd8,0x00000000f5580000)
  to   space 174592K, 0% used [0x00000000f5580000,0x00000000f5580000,0x0000000100000000)
 ParOldGen       total 1048576K, used 874618K [0x00000000a0000000, 0x00000000e0000000, 0x00000000e0000000)
  object space 1048576K, 83% used [0x00000000a0000000,0x00000000d561ebb0,0x00000000e0000000)
 Metaspace       used 73673K, capacity 76272K, committed 76440K, reserved 1116160K
  class space    used 9278K, capacity 9814K, committed 9904K, reserved 1048576K
}
Event: 457.611 GC heap before
{Heap before GC invocations=72 (full 12):
 PSYoungGen      total 349696K, used 287899K [0x00000000e0000000, 0x0000000100000000, 0x0000000100000000)
  eden space 175104K, 100% used [0x00000000e0000000,0x00000000eab00000,0x00000000eab00000)
  from space 174592K, 64% used [0x00000000eab00000,0x00000000f1926fd8,0x00000000f5580000)
  to   space 174592K, 0% used [0x00000000f5580000,0x00000000f5580000,0x0000000100000000)
 ParOldGen       total 1048576K, used 874618K [0x00000000a0000000, 0x00000000e0000000, 0x00000000e0000000)
  object space 1048576K, 83% used [0x00000000a0000000,0x00000000d561ebb0,0x00000000e0000000)
 Metaspace       used 73673K, capacity 76272K, committed 76440K, reserved 1116160K
  class space    used 9278K, capacity 9814K, committed 9904K, reserved 1048576K
Event: 457.705 GC heap after
Heap after GC invocations=72 (full 12):
 PSYoungGen      total 349696K, used 31680K [0x00000000e0000000, 0x0000000100000000, 0x0000000100000000)
  eden space 175104K, 0% used [0x00000000e0000000,0x00000000e0000000,0x00000000eab00000)
  from space 174592K, 18% used [0x00000000f5580000,0x00000000f7470000,0x0000000100000000)
  to   space 174592K, 0% used [0x00000000eab00000,0x00000000eab00000,0x00000000f5580000)
 ParOldGen       total 1048576K, used 965394K [0x00000000a0000000, 0x00000000e0000000, 0x00000000e0000000)
  object space 1048576K, 92% used [0x00000000a0000000,0x00000000daec49c8,0x00000000e0000000)
 Metaspace       used 73673K, capacity 76272K, committed 76440K, reserved 1116160K
  class space    used 9278K, capacity 9814K, committed 9904K, reserved 1048576K
}
Event: 457.705 GC heap before
{Heap before GC invocations=73 (full 13):
 PSYoungGen      total 349696K, used 31680K [0x00000000e0000000, 0x0000000100000000, 0x0000000100000000)
  eden space 175104K, 0% used [0x00000000e0000000,0x00000000e0000000,0x00000000eab00000)
  from space 174592K, 18% used [0x00000000f5580000,0x00000000f7470000,0x0000000100000000)
  to   space 174592K, 0% used [0x00000000eab00000,0x00000000eab00000,0x00000000f5580000)
 ParOldGen       total 1048576K, used 965394K [0x00000000a0000000, 0x00000000e0000000, 0x00000000e0000000)
  object space 1048576K, 92% used [0x00000000a0000000,0x00000000daec49c8,0x00000000e0000000)
 Metaspace       used 73673K, capacity 76272K, committed 76440K, reserved 1116160K
  class space    used 9278K, capacity 9814K, committed 9904K, reserved 1048576K
Event: 458.339 GC heap after
Heap after GC invocations=73 (full 13):
 PSYoungGen      total 349696K, used 0K [0x00000000e0000000, 0x0000000100000000, 0x0000000100000000)
  eden space 175104K, 0% used [0x00000000e0000000,0x00000000e0000000,0x00000000eab00000)
  from space 174592K, 0% used [0x00000000f5580000,0x00000000f5580000,0x0000000100000000)
  to   space 174592K, 0% used [0x00000000eab00000,0x00000000eab00000,0x00000000f5580000)
 ParOldGen       total 862720K, used 193906K [0x00000000a0000000, 0x00000000d4a80000, 0x00000000e0000000)
  object space 862720K, 22% used [0x00000000a0000000,0x00000000abd5cb00,0x00000000d4a80000)
 Metaspace       used 72357K, capacity 74916K, committed 76440K, reserved 1116160K
  class space    used 9102K, capacity 9614K, committed 9904K, reserved 1048576K
}

