# JRE version: OpenJDK Runtime Environment (8.0_112-b06) (build 1.8.0_112-release-b06)
# Java VM: OpenJDK 64-Bit Server VM (25.112-b06 mixed mode linux-amd64 compressed oops)
Heap:
 PSYoungGen      total 352256K, used 202752K [0x00000000e0000000, 0x00000000ffe80000, 0x0000000100000000)
  eden space 202752K, 100% used [0x00000000e0000000,0x00000000ec600000,0x00000000ec600000)
  from space 149504K, 0% used [0x00000000ec600000,0x00000000ec600000,0x00000000f5800000)
  to   space 149504K, 0% used [0x00000000f6c80000,0x00000000f6c80000,0x00000000ffe80000)
 ParOldGen       total 1048576K, used 1042141K [0x00000000a0000000, 0x00000000e0000000, 0x00000000e0000000)
  object space 1048576K, 99% used [0x00000000a0000000,0x00000000df9b7678,0x00000000e0000000)
 Metaspace       used 63163K, capacity 65050K, committed 65432K, reserved 1105920K
  class space    used 8145K, capacity 8518K, committed 8624K, reserved 1048576K
GC Heap History (10 events):
Event: 59.024 GC heap after
Heap after GC invocations=59 (full 9):
 PSYoungGen      total 336384K, used 74697K [0x00000000e0000000, 0x00000000fea00000, 0x0000000100000000)
  eden space 183296K, 0% used [0x00000000e0000000,0x00000000e0000000,0x00000000eb300000)
  from space 153088K, 48% used [0x00000000f5480000,0x00000000f9d725e8,0x00000000fea00000)
  to   space 159232K, 0% used [0x00000000eb300000,0x00000000eb300000,0x00000000f4e80000)
 ParOldGen       total 1048576K, used 915949K [0x00000000a0000000, 0x00000000e0000000, 0x00000000e0000000)
  object space 1048576K, 87% used [0x00000000a0000000,0x00000000d7e7b678,0x00000000e0000000)
 Metaspace       used 62945K, capacity 64858K, committed 65176K, reserved 1105920K
  class space    used 8134K, capacity 8518K, committed 8624K, reserved 1048576K
}
Event: 59.523 GC heap before
{Heap before GC invocations=60 (full 9):
 PSYoungGen      total 336384K, used 257993K [0x00000000e0000000, 0x00000000fea00000, 0x0000000100000000)
  eden space 183296K, 100% used [0x00000000e0000000,0x00000000eb300000,0x00000000eb300000)
  from space 153088K, 48% used [0x00000000f5480000,0x00000000f9d725e8,0x00000000fea00000)
  to   space 159232K, 0% used [0x00000000eb300000,0x00000000eb300000,0x00000000f4e80000)
 ParOldGen       total 1048576K, used 915949K [0x00000000a0000000, 0x00000000e0000000, 0x00000000e0000000)
  object space 1048576K, 87% used [0x00000000a0000000,0x00000000d7e7b678,0x00000000e0000000)
 Metaspace       used 62948K, capacity 64858K, committed 65176K, reserved 1105920K
  class space    used 8134K, capacity 8518K, committed 8624K, reserved 1048576K
Event: 59.647 GC heap after
Heap after GC invocations=60 (full 9):
 PSYoungGen      total 342528K, used 81115K [0x00000000e0000000, 0x00000000ff080000, 0x0000000100000000)
  eden space 183296K, 0% used [0x00000000e0000000,0x00000000e0000000,0x00000000eb300000)
  from space 159232K, 50% used [0x00000000eb300000,0x00000000f0236e20,0x00000000f4e80000)
  to   space 153088K, 0% used [0x00000000f5b00000,0x00000000f5b00000,0x00000000ff080000)
 ParOldGen       total 1048576K, used 940138K [0x00000000a0000000, 0x00000000e0000000, 0x00000000e0000000)
  object space 1048576K, 89% used [0x00000000a0000000,0x00000000d961a8f8,0x00000000e0000000)
 Metaspace       used 62948K, capacity 64858K, committed 65176K, reserved 1105920K
  class space    used 8134K, capacity 8518K, committed 8624K, reserved 1048576K
}
Event: 60.048 GC heap before
{Heap before GC invocations=61 (full 9):
 PSYoungGen      total 342528K, used 264411K [0x00000000e0000000, 0x00000000ff080000, 0x0000000100000000)
  eden space 183296K, 100% used [0x00000000e0000000,0x00000000eb300000,0x00000000eb300000)
  from space 159232K, 50% used [0x00000000eb300000,0x00000000f0236e20,0x00000000f4e80000)
  to   space 153088K, 0% used [0x00000000f5b00000,0x00000000f5b00000,0x00000000ff080000)
 ParOldGen       total 1048576K, used 940138K [0x00000000a0000000, 0x00000000e0000000, 0x00000000e0000000)
  object space 1048576K, 89% used [0x00000000a0000000,0x00000000d961a8f8,0x00000000e0000000)
 Metaspace       used 62957K, capacity 64858K, committed 65176K, reserved 1105920K
  class space    used 8135K, capacity 8518K, committed 8624K, reserved 1048576K
Event: 60.164 GC heap after
Heap after GC invocations=61 (full 9):
 PSYoungGen      total 349184K, used 87281K [0x00000000e0000000, 0x00000000fea00000, 0x0000000100000000)
  eden space 202752K, 0% used [0x00000000e0000000,0x00000000e0000000,0x00000000ec600000)
  from space 146432K, 59% used [0x00000000f5b00000,0x00000000fb03c760,0x00000000fea00000)
  to   space 149504K, 0% used [0x00000000ec600000,0x00000000ec600000,0x00000000f5800000)
 ParOldGen       total 1048576K, used 963629K [0x00000000a0000000, 0x00000000e0000000, 0x00000000e0000000)
  object space 1048576K, 91% used [0x00000000a0000000,0x00000000dad0b7b8,0x00000000e0000000)
 Metaspace       used 62957K, capacity 64858K, committed 65176K, reserved 1105920K
  class space    used 8135K, capacity 8518K, committed 8624K, reserved 1048576K
}
Event: 60.793 GC heap before
{Heap before GC invocations=62 (full 9):
 PSYoungGen      total 349184K, used 290033K [0x00000000e0000000, 0x00000000fea00000, 0x0000000100000000)
  eden space 202752K, 100% used [0x00000000e0000000,0x00000000ec600000,0x00000000ec600000)
  from space 146432K, 59% used [0x00000000f5b00000,0x00000000fb03c760,0x00000000fea00000)
  to   space 149504K, 0% used [0x00000000ec600000,0x00000000ec600000,0x00000000f5800000)
 ParOldGen       total 1048576K, used 963629K [0x00000000a0000000, 0x00000000e0000000, 0x00000000e0000000)
  object space 1048576K, 91% used [0x00000000a0000000,0x00000000dad0b7b8,0x00000000e0000000)
 Metaspace       used 63148K, capacity 65050K, committed 65432K, reserved 1105920K
  class space    used 8145K, capacity 8518K, committed 8624K, reserved 1048576K
Event: 60.931 GC heap after
Heap after GC invocations=62 (full 9):
 PSYoungGen      total 352256K, used 96805K [0x00000000e0000000, 0x00000000ffe80000, 0x0000000100000000)
  eden space 202752K, 0% used [0x00000000e0000000,0x00000000e0000000,0x00000000ec600000)
  from space 149504K, 64% used [0x00000000ec600000,0x00000000f2489408,0x00000000f5800000)
  to   space 149504K, 0% used [0x00000000f6c80000,0x00000000f6c80000,0x00000000ffe80000)
 ParOldGen       total 1048576K, used 989633K [0x00000000a0000000, 0x00000000e0000000, 0x00000000e0000000)
  object space 1048576K, 94% used [0x00000000a0000000,0x00000000dc670718,0x00000000e0000000)
 Metaspace       used 63148K, capacity 65050K, committed 65432K, reserved 1105920K
  class space    used 8145K, capacity 8518K, committed 8624K, reserved 1048576K
}
Event: 60.932 GC heap before
{Heap before GC invocations=63 (full 10):
 PSYoungGen      total 352256K, used 96805K [0x00000000e0000000, 0x00000000ffe80000, 0x0000000100000000)
  eden space 202752K, 0% used [0x00000000e0000000,0x00000000e0000000,0x00000000ec600000)
  from space 149504K, 64% used [0x00000000ec600000,0x00000000f2489408,0x00000000f5800000)
  to   space 149504K, 0% used [0x00000000f6c80000,0x00000000f6c80000,0x00000000ffe80000)
 ParOldGen       total 1048576K, used 989633K [0x00000000a0000000, 0x00000000e0000000, 0x00000000e0000000)
  object space 1048576K, 94% used [0x00000000a0000000,0x00000000dc670718,0x00000000e0000000)
 Metaspace       used 63148K, capacity 65050K, committed 65432K, reserved 1105920K
  class space    used 8145K, capacity 8518K, committed 8624K, reserved 1048576K
Event: 65.138 GC heap after
Heap after GC invocations=63 (full 10):
 PSYoungGen      total 352256K, used 0K [0x00000000e0000000, 0x00000000ffe80000, 0x0000000100000000)
  eden space 202752K, 0% used [0x00000000e0000000,0x00000000e0000000,0x00000000ec600000)
  from space 149504K, 0% used [0x00000000ec600000,0x00000000ec600000,0x00000000f5800000)
  to   space 149504K, 0% used [0x00000000f6c80000,0x00000000f6c80000,0x00000000ffe80000)
 ParOldGen       total 1048576K, used 1042141K [0x00000000a0000000, 0x00000000e0000000, 0x00000000e0000000)
  object space 1048576K, 99% used [0x00000000a0000000,0x00000000df9b7678,0x00000000e0000000)
 Metaspace       used 63148K, capacity 65050K, committed 65432K, reserved 1105920K
  class space    used 8145K, capacity 8518K, committed 8624K, reserved 1048576K
}
Event: 65.671 GC heap before
{Heap before GC invocations=64 (full 11):
 PSYoungGen      total 352256K, used 202752K [0x00000000e0000000, 0x00000000ffe80000, 0x0000000100000000)
  eden space 202752K, 100% used [0x00000000e0000000,0x00000000ec600000,0x00000000ec600000)
  from space 149504K, 0% used [0x00000000ec600000,0x00000000ec600000,0x00000000f5800000)
  to   space 149504K, 0% used [0x00000000f6c80000,0x00000000f6c80000,0x00000000ffe80000)
 ParOldGen       total 1048576K, used 1042141K [0x00000000a0000000, 0x00000000e0000000, 0x00000000e0000000)
  object space 1048576K, 99% used [0x00000000a0000000,0x00000000df9b7678,0x00000000e0000000)
 Metaspace       used 63163K, capacity 65050K, committed 65432K, reserved 1105920K
  class space    used 8145K, capacity 8518K, committed 8624K, reserved 1048576K

